<?xml version="1.0" encoding="UTF-8"?>
<testng-results skipped="0" failed="0" ignored="0" total="2" passed="2">
  <reporter-output>
  </reporter-output>
  <suite name="Default suite" duration-ms="19734" started-at="2018-04-05T00:38:24Z" finished-at="2018-04-05T00:38:44Z">
    <groups>
    </groups>
    <test name="Default test" duration-ms="19734" started-at="2018-04-05T00:38:24Z" finished-at="2018-04-05T00:38:44Z">
      <class name="pom.Execution">
        <test-method status="PASS" signature="ExecuteHeroku()[pri:0, instance:pom.Execution@2a2d45ba]" name="ExecuteHeroku" duration-ms="19465" started-at="2018-04-05T00:38:24Z" finished-at="2018-04-05T00:38:43Z">
          <reporter-output>
          </reporter-output>
        </test-method> <!-- ExecuteHeroku -->
        <test-method status="PASS" signature="TearDown()[pri:0, instance:pom.Execution@2a2d45ba]" name="TearDown" duration-ms="182" started-at="2018-04-05T00:38:43Z" finished-at="2018-04-05T00:38:44Z">
          <reporter-output>
          </reporter-output>
        </test-method> <!-- TearDown -->
      </class> <!-- pom.Execution -->
    </test> <!-- Default test -->
  </suite> <!-- Default suite -->
</testng-results>
